# JRE version: Java(TM) SE Runtime Environment (21.0.1+12) (build 21.0.1+12-LTS-29)
# Java VM: Java HotSpot(TM) 64-Bit Server VM (21.0.1+12-LTS-29, mixed mode, sharing, tiered, compressed oops, compressed class ptrs, g1 gc, windows-amd64)
GC Precious Log:
 CardTable entry size: 512
 Card Set container configuration: InlinePtr #cards 5 size 8 Array Of Cards #cards 12 size 40 Howl #buckets 4 coarsen threshold 1843 Howl Bitmap #cards 512 size 80 coarsen threshold 460 Card regions per heap region 1 cards per card region 2048
 CPUs: 8 total, 8 available
 Memory: 8057M
 Large Page Support: Disabled
 NUMA Support: Disabled
 Compressed Oops: Enabled (32-bit)
 Heap Region Size: 1M
 Heap Min Capacity: 8M
 Heap Initial Capacity: 126M
 Heap Max Capacity: 2016M
 Pre-touch: Disabled
 Parallel Workers: 8
 Concurrent Workers: 2
 Concurrent Refinement Workers: 8
 Periodic GC: Disabled
Heap:
 garbage-first heap   total 171008K, used 93971K [0x0000000082000000, 0x0000000100000000)
  region size 1024K, 45 young (46080K), 6 survivors (6144K)
 Metaspace       used 91393K, committed 92416K, reserved 1179648K
  class space    used 11492K, committed 11968K, reserved 1048576K
GC Heap History (20 events):
Event: 1722.207 GC heap after
{Heap after GC invocations=83 (full 9):
 garbage-first heap   total 171008K, used 53237K [0x0000000082000000, 0x0000000100000000)
  region size 1024K, 6 young (6144K), 6 survivors (6144K)
 Metaspace       used 90029K, committed 91008K, reserved 1179648K
  class space    used 11410K, committed 11840K, reserved 1048576K
}
Event: 1722.381 GC heap before
{Heap before GC invocations=83 (full 9):
 garbage-first heap   total 171008K, used 149493K [0x0000000082000000, 0x0000000100000000)
  region size 1024K, 100 young (102400K), 6 survivors (6144K)
 Metaspace       used 90111K, committed 91072K, reserved 1179648K
  class space    used 11411K, committed 11840K, reserved 1048576K
}
Event: 1722.384 GC heap after
{Heap after GC invocations=84 (full 9):
 garbage-first heap   total 171008K, used 53619K [0x0000000082000000, 0x0000000100000000)
  region size 1024K, 6 young (6144K), 6 survivors (6144K)
 Metaspace       used 90111K, committed 91072K, reserved 1179648K
  class space    used 11411K, committed 11840K, reserved 1048576K
}
Event: 1759.812 GC heap before
{Heap before GC invocations=85 (full 9):
 garbage-first heap   total 171008K, used 99699K [0x0000000082000000, 0x0000000100000000)
  region size 1024K, 52 young (53248K), 6 survivors (6144K)
 Metaspace       used 90489K, committed 91520K, reserved 1179648K
  class space    used 11434K, committed 11904K, reserved 1048576K
}
Event: 1759.879 GC heap after
{Heap after GC invocations=86 (full 10):
 garbage-first heap   total 171008K, used 48103K [0x0000000082000000, 0x0000000100000000)
  region size 1024K, 0 young (0K), 0 survivors (0K)
 Metaspace       used 90486K, committed 91520K, reserved 1179648K
  class space    used 11433K, committed 11904K, reserved 1048576K
}
Event: 1760.460 GC heap before
{Heap before GC invocations=86 (full 10):
 garbage-first heap   total 171008K, used 150503K [0x0000000082000000, 0x0000000100000000)
  region size 1024K, 100 young (102400K), 0 survivors (0K)
 Metaspace       used 90600K, committed 91584K, reserved 1179648K
  class space    used 11446K, committed 11904K, reserved 1048576K
}
Event: 1760.465 GC heap after
{Heap after GC invocations=87 (full 10):
 garbage-first heap   total 171008K, used 53734K [0x0000000082000000, 0x0000000100000000)
  region size 1024K, 6 young (6144K), 6 survivors (6144K)
 Metaspace       used 90600K, committed 91584K, reserved 1179648K
  class space    used 11446K, committed 11904K, reserved 1048576K
}
Event: 1760.660 GC heap before
{Heap before GC invocations=88 (full 10):
 garbage-first heap   total 171008K, used 149990K [0x0000000082000000, 0x0000000100000000)
  region size 1024K, 100 young (102400K), 6 survivors (6144K)
 Metaspace       used 90603K, committed 91584K, reserved 1179648K
  class space    used 11446K, committed 11904K, reserved 1048576K
}
Event: 1760.663 GC heap after
{Heap after GC invocations=89 (full 10):
 garbage-first heap   total 171008K, used 53726K [0x0000000082000000, 0x0000000100000000)
  region size 1024K, 6 young (6144K), 6 survivors (6144K)
 Metaspace       used 90603K, committed 91584K, reserved 1179648K
  class space    used 11446K, committed 11904K, reserved 1048576K
}
Event: 1760.865 GC heap before
{Heap before GC invocations=89 (full 10):
 garbage-first heap   total 171008K, used 149982K [0x0000000082000000, 0x0000000100000000)
  region size 1024K, 100 young (102400K), 6 survivors (6144K)
 Metaspace       used 90702K, committed 91648K, reserved 1179648K
  class space    used 11448K, committed 11904K, reserved 1048576K
}
Event: 1760.869 GC heap after
{Heap after GC invocations=90 (full 10):
 garbage-first heap   total 171008K, used 53947K [0x0000000082000000, 0x0000000100000000)
  region size 1024K, 6 young (6144K), 6 survivors (6144K)
 Metaspace       used 90702K, committed 91648K, reserved 1179648K
  class space    used 11448K, committed 11904K, reserved 1048576K
}
Event: 1850.263 GC heap before
{Heap before GC invocations=90 (full 10):
 garbage-first heap   total 171008K, used 104123K [0x0000000082000000, 0x0000000100000000)
  region size 1024K, 56 young (57344K), 6 survivors (6144K)
 Metaspace       used 91016K, committed 92032K, reserved 1179648K
  class space    used 11470K, committed 11904K, reserved 1048576K
}
Event: 1850.336 GC heap after
{Heap after GC invocations=91 (full 11):
 garbage-first heap   total 171008K, used 48400K [0x0000000082000000, 0x0000000100000000)
  region size 1024K, 0 young (0K), 0 survivors (0K)
 Metaspace       used 91013K, committed 92032K, reserved 1179648K
  class space    used 11469K, committed 11904K, reserved 1048576K
}
Event: 1850.932 GC heap before
{Heap before GC invocations=91 (full 11):
 garbage-first heap   total 171008K, used 149776K [0x0000000082000000, 0x0000000100000000)
  region size 1024K, 100 young (102400K), 0 survivors (0K)
 Metaspace       used 91106K, committed 92096K, reserved 1179648K
  class space    used 11482K, committed 11904K, reserved 1048576K
}
Event: 1850.937 GC heap after
{Heap after GC invocations=92 (full 11):
 garbage-first heap   total 171008K, used 54025K [0x0000000082000000, 0x0000000100000000)
  region size 1024K, 6 young (6144K), 6 survivors (6144K)
 Metaspace       used 91106K, committed 92096K, reserved 1179648K
  class space    used 11482K, committed 11904K, reserved 1048576K
}
Event: 1851.118 GC heap before
{Heap before GC invocations=93 (full 11):
 garbage-first heap   total 171008K, used 150281K [0x0000000082000000, 0x0000000100000000)
  region size 1024K, 100 young (102400K), 6 survivors (6144K)
 Metaspace       used 91106K, committed 92096K, reserved 1179648K
  class space    used 11482K, committed 11904K, reserved 1048576K
}
Event: 1851.121 GC heap after
{Heap after GC invocations=94 (full 11):
 garbage-first heap   total 171008K, used 53861K [0x0000000082000000, 0x0000000100000000)
  region size 1024K, 6 young (6144K), 6 survivors (6144K)
 Metaspace       used 91106K, committed 92096K, reserved 1179648K
  class space    used 11482K, committed 11904K, reserved 1048576K
}
Event: 1851.286 GC heap before
{Heap before GC invocations=94 (full 11):
 garbage-first heap   total 171008K, used 149093K [0x0000000082000000, 0x0000000100000000)
  region size 1024K, 100 young (102400K), 6 survivors (6144K)
 Metaspace       used 91173K, committed 92160K, reserved 1179648K
  class space    used 11483K, committed 11904K, reserved 1048576K
}
Event: 1851.290 GC heap after
{Heap after GC invocations=95 (full 11):
 garbage-first heap   total 171008K, used 54350K [0x0000000082000000, 0x0000000100000000)
  region size 1024K, 6 young (6144K), 6 survivors (6144K)
 Metaspace       used 91173K, committed 92160K, reserved 1179648K
  class space    used 11483K, committed 11904K, reserved 1048576K
}
Event: 1868.674 GC heap before
{Heap before GC invocations=95 (full 11):
 garbage-first heap   total 171008K, used 93262K [0x0000000082000000, 0x0000000100000000)
  region size 1024K, 45 young (46080K), 6 survivors (6144K)
 Metaspace       used 91393K, committed 92416K, reserved 1179648K
  class space    used 11492K, committed 11968K, reserved 1048576K
}

